Time resolution is 1 ps
Block Memory Generator module tb.u_top_simulation.u_sram_32x131072.inst.\axi_mem_module.blk_mem_gen_v8_4_5_inst  is using a behavioral model for simulation which will not precisely model memory collision behavior.
Block Memory Generator module tb.u_top_simulation.u_fc_module.u_fc_sram_32x131072.inst.\native_mem_module.blk_mem_gen_v8_4_5_inst  is using a behavioral model for simulation which will not precisely model memory collision behavior.
Note: Actual FIFO Depth = 513
Time: 0 ps  Iteration: 0
Note:  DEPTH = 512 WIDTH = 72 C_RD_PRIM_WIDTH = 72 C_RD_PRIM_DEPTH = 512 DEEP = 1 WIDE = 1
Time: 0 ps  Iteration: 0
Note: Actual FIFO Depth = 513
Time: 0 ps  Iteration: 0
Note:  DEPTH = 512 WIDTH = 72 C_RD_PRIM_WIDTH = 72 C_RD_PRIM_DEPTH = 512 DEEP = 1 WIDE = 1
Time: 0 ps  Iteration: 0
Info: [XPM_MEMORY 20-1] MEMORY_PRIMITIVE (0) instructs Vivado Synthesis to choose the memory primitive type. Depending on their values, other XPM_MEMORY parameters may preclude the choice of certain memory primitive types. Review XPM_MEMORY documentation and parameter values to understand any limitations, or set MEMORY_PRIMITIVE to a different value. tb.u_top_simulation.u_axi_vdma_0.U0.I_PRMRY_DATAMOVER.gen_s2mm_full.I_S2MM_FULL_WRAPPER.gen_enable_indet_btt_sf.I_INDET_BTT.I_XD_FIFO.non_blk_mem.I_SYNC_FIFOGEN_FIFO.xpm_fifo_instance.xpm_fifo_sync_inst.xpm_fifo_base_inst.\gen_sdpram.xpm_memory_base_inst .config_drc
Time: 1 ps  Iteration: 0  Process: /tb/u_top_simulation/u_axi_vdma_0/U0/I_PRMRY_DATAMOVER/gen_s2mm_full/I_S2MM_FULL_WRAPPER/gen_enable_indet_btt_sf/I_INDET_BTT/I_XD_FIFO/non_blk_mem/I_SYNC_FIFOGEN_FIFO/xpm_fifo_instance/xpm_fifo_sync_inst/xpm_fifo_base_inst/gen_sdpram.xpm_memory_base_inst/Initial299_820  Scope: tb.u_top_simulation.u_axi_vdma_0.U0.I_PRMRY_DATAMOVER.gen_s2mm_full.I_S2MM_FULL_WRAPPER.gen_enable_indet_btt_sf.I_INDET_BTT.I_XD_FIFO.non_blk_mem.I_SYNC_FIFOGEN_FIFO.xpm_fifo_instance.xpm_fifo_sync_inst.xpm_fifo_base_inst.\gen_sdpram.xpm_memory_base_inst .config_drc  File: C:/Xilinx/Vivado/2022.2/data/ip/xpm/xpm_memory/hdl/xpm_memory.sv Line: 493
- Force write starts -
input file :                                                                                                      fc1_test_input_32bits_2s.txt

input file :                                                                                                     fc1_test_weight_32bits_2s.txt

input file :                                                                                                       fc1_test_bias_32bits_2s.txt

- Force write is done -


- VDMA control starts -

VDMA is ready to receive result from FC

VDMA transmits feature to FC
FC starts to read feature
FC finishes to read feature

VDMA transmits bias to FC
FC starts to read bias
FC finishes to read bias

VDMA transmits weight to FC
FC starts to read weight
FC finishes to read weight

FC starts to write result
FC finishes to write result


- Comparing result starts -

input file :                                                                                                     fc3_test_output_32bits_2s.txt

WARNING: Data truncated while reading Datafile: fc3_test_output_32bits_2s.txt, while loading at index: 0
import result(no write) is done. 

Index:           0

Result is different!
Expected value: 0000137f
Output value: 001b170f

Index:           1
Index:           2
Index:           3
Index:           4
Index:           5
Index:           6
Index:           7
Index:           8
Index:           9
Index:          10
Index:          11
Index:          12
Index:          13
Index:          14
Index:          15
Index:          16
Index:          17
Index:          18
Index:          19
Index:          20
Index:          21
Index:          22
Index:          23
Index:          24
Index:          25
Index:          26
Index:          27
Index:          28
Index:          29
Index:          30
Index:          31
Index:          32
Index:          33
Index:          34
Index:          35
Index:          36
Index:          37
Index:          38
Index:          39
Index:          40
Index:          41
Index:          42
Index:          43
Index:          44
Index:          45
Index:          46
Index:          47
Index:          48
Index:          49
Index:          50
Index:          51
Index:          52
Index:          53
Index:          54
Index:          55
Index:          56
Index:          57
Index:          58
Index:          59
Index:          60
Index:          61
Index:          62
Index:          63
- Comparing result is done!! -

$finish called at time : 1364210 ns : File "C:/Users/Jsangwook/Desktop/DSD_Project/dsd-final-project-team11/src/tb/fc/tb.v" Line 376
INFO: xsimkernel Simulation Memory Usage: 38516 KB (Peak: 38516 KB), Simulation CPU Usage: 97015 ms
