Copyright 1986-2022 Xilinx, Inc. All Rights Reserved.
------------------------------------------------------------------------------------
| Tool Version : Vivado v.2022.2 (win64) Build 3671981 Fri Oct 14 05:00:03 MDT 2022
| Date         : Thu Dec  7 14:41:11 2023
| Host         : DESKTOP-UA3I8HH running 64-bit major release  (build 9200)
| Command      : upgrade_ip
| Device       : xc7a100tcsg324-1
------------------------------------------------------------------------------------

Upgrade Log for IP 'axi_vdma_0'

1. Summary
----------

SUCCESS in the upgrade of axi_vdma_0 (xilinx.com:ip:axi_vdma:6.3) from (Rev. 9) to (Rev. 15)






Copyright 1986-2022 Xilinx, Inc. All Rights Reserved.
------------------------------------------------------------------------------------
| Tool Version : Vivado v.2022.2 (win64) Build 3671981 Fri Oct 14 05:00:03 MDT 2022
| Date         : Thu Dec  7 14:41:11 2023
| Host         : DESKTOP-UA3I8HH running 64-bit major release  (build 9200)
| Command      : upgrade_ip
| Device       : xc7a100tcsg324-1
------------------------------------------------------------------------------------

Upgrade Log for IP 'axi_interconnect_0'

1. Summary
----------

SUCCESS in the upgrade of axi_interconnect_0 (xilinx.com:ip:axi_interconnect:1.7) from (Rev. 18) to (Rev. 20)

