Copyright 1986-2022 Xilinx, Inc. All Rights Reserved.
---------------------------------------------------------------------------------------------------------------------------------
| Tool Version : Vivado v.2022.2 (win64) Build 3671981 Fri Oct 14 05:00:03 MDT 2022
| Date         : Sun Dec 17 16:15:12 2023
| Host         : DESKTOP-UA3I8HH running 64-bit major release  (build 9200)
| Command      : upgrade_project -migrate_output_products
| Project_Path : C:/Users/Jsangwook/Desktop/DSD_Project/dsd-final-project-team11/build/layer_tb/pool_tb/pool_tb.xpr
---------------------------------------------------------------------------------------------------------------------------------

Project Status Summary

1. Project IP Status
--------------------
This project contains 2 IP and 0 Block Designs.


1.1 Project IP Instances
+--------------------+-------------------------+-------------------------------------+-------------------------------------+
| Instance Name      | Status                  | Reason                              | Recommendation                      |
+--------------------+-------------------------+-------------------------------------+-------------------------------------+
| axi_interconnect_0 | Remote Source.          | IP is remote.                       | Migration not required.             |
+--------------------+-------------------------+-------------------------------------+-------------------------------------+
| axi_vdma_0         | Remote Source.          | IP is remote.                       | Migration not required.             |
+--------------------+-------------------------+-------------------------------------+-------------------------------------+



